2019-05-06 19:43:54,970 [Worker-2: Loading available Gradle versions] INFO  o.e.b.c.i.u.g.PublishedGradleVersions - Gradle version information cache is out-of-date. Trying to update.
2019-05-06 20:03:35,778 [Worker-1: Loading available Gradle versions] INFO  o.e.b.c.i.u.g.PublishedGradleVersions - Gradle version information cache is up-to-date. Trying to read.
2019-05-06 20:16:51,761 [Worker-7] INFO  c.g.t.t.d.PublishedGradleVersions - Gradle version information cache is up-to-date. Trying to read.
2019-05-06 20:17:01,129 [Worker-4] INFO  org.eclipse.jetty.util.log - Logging initialized @40209ms to org.eclipse.jetty.util.log.Slf4jLog
2019-05-06 20:17:01,451 [Worker-4] INFO  org.eclipse.jetty.server.Server - jetty-9.4.8.v20171121, build timestamp: 2017-11-22T02:57:37+05:30, git hash: 82b8fb23f757335bb3329d540ce37a2a2615f0a8
2019-05-06 20:17:01,500 [Worker-4] INFO  org.eclipse.jetty.server.session - DefaultSessionIdManager workerName=node0
2019-05-06 20:17:01,500 [Worker-4] INFO  org.eclipse.jetty.server.session - No SessionScavenger set, using defaults
2019-05-06 20:17:01,502 [Worker-4] INFO  org.eclipse.jetty.server.session - Scavenging every 600000ms
2019-05-06 20:17:01,518 [Worker-4] INFO  o.e.j.server.handler.ContextHandler - Started o.e.j.s.ServletContextHandler@7e72e6b9{/welcome,file:///C:/WSO2/eclipse/configuration/org.eclipse.osgi/1178/0/.cp/TemplateDash/,AVAILABLE}
2019-05-06 20:17:01,519 [Worker-4] INFO  o.e.j.server.handler.ContextHandler - Started o.e.j.s.ServletContextHandler@147f4a75{/servlet,null,AVAILABLE}
2019-05-06 20:17:01,561 [Worker-4] INFO  o.e.jetty.server.AbstractConnector - Started ServerConnector@50e22155{HTTP/1.1,[http/1.1]}{0.0.0.0:7774}
2019-05-06 20:17:01,561 [Worker-4] INFO  org.eclipse.jetty.server.Server - Started @40641ms
2019-05-11 22:55:04,752 [Worker-7] INFO  c.g.t.t.d.PublishedGradleVersions - Gradle version information cache is out-of-date. Trying to update.
2019-05-11 22:55:22,313 [Worker-13] INFO  org.eclipse.jetty.util.log - Logging initialized @5406369ms to org.eclipse.jetty.util.log.Slf4jLog
2019-05-11 22:55:22,710 [Worker-13] INFO  org.eclipse.jetty.server.Server - jetty-9.4.8.v20171121, build timestamp: 2017-11-22T02:57:37+05:30, git hash: 82b8fb23f757335bb3329d540ce37a2a2615f0a8
2019-05-11 22:55:22,777 [Worker-13] INFO  org.eclipse.jetty.server.session - DefaultSessionIdManager workerName=node0
2019-05-11 22:55:22,777 [Worker-13] INFO  org.eclipse.jetty.server.session - No SessionScavenger set, using defaults
2019-05-11 22:55:22,779 [Worker-13] INFO  org.eclipse.jetty.server.session - Scavenging every 660000ms
2019-05-11 22:55:22,796 [Worker-13] INFO  o.e.j.server.handler.ContextHandler - Started o.e.j.s.ServletContextHandler@6a06f85d{/welcome,file:///C:/WSO2/eclipse/configuration/org.eclipse.osgi/1178/0/.cp/TemplateDash/,AVAILABLE}
2019-05-11 22:55:22,797 [Worker-13] INFO  o.e.j.server.handler.ContextHandler - Started o.e.j.s.ServletContextHandler@5d9220f{/servlet,null,AVAILABLE}
2019-05-11 22:55:22,868 [Worker-13] INFO  o.e.jetty.server.AbstractConnector - Started ServerConnector@2eef63f1{HTTP/1.1,[http/1.1]}{0.0.0.0:7774}
2019-05-11 22:55:22,868 [Worker-13] INFO  org.eclipse.jetty.server.Server - Started @5406926ms
2019-05-13 14:35:58,674 [Worker-1] INFO  c.g.t.t.d.PublishedGradleVersions - Gradle version information cache is out-of-date. Trying to update.
2019-05-13 14:36:13,294 [Worker-13] INFO  org.eclipse.jetty.util.log - Logging initialized @633393ms to org.eclipse.jetty.util.log.Slf4jLog
2019-05-13 14:36:14,017 [Worker-13] INFO  org.eclipse.jetty.server.Server - jetty-9.4.8.v20171121, build timestamp: 2017-11-22T02:57:37+05:30, git hash: 82b8fb23f757335bb3329d540ce37a2a2615f0a8
2019-05-13 14:36:14,077 [Worker-13] INFO  org.eclipse.jetty.server.session - DefaultSessionIdManager workerName=node0
2019-05-13 14:36:14,078 [Worker-13] INFO  org.eclipse.jetty.server.session - No SessionScavenger set, using defaults
2019-05-13 14:36:14,079 [Worker-13] INFO  org.eclipse.jetty.server.session - Scavenging every 660000ms
2019-05-13 14:36:14,089 [Worker-13] INFO  o.e.j.server.handler.ContextHandler - Started o.e.j.s.ServletContextHandler@6ceabe74{/welcome,file:///C:/WSO2/eclipse/configuration/org.eclipse.osgi/1178/0/.cp/TemplateDash/,AVAILABLE}
2019-05-13 14:36:14,090 [Worker-13] INFO  o.e.j.server.handler.ContextHandler - Started o.e.j.s.ServletContextHandler@22704ace{/servlet,null,AVAILABLE}
2019-05-13 14:36:14,129 [Worker-13] INFO  o.e.jetty.server.AbstractConnector - Started ServerConnector@18e7e8d6{HTTP/1.1,[http/1.1]}{0.0.0.0:7774}
2019-05-13 14:36:14,130 [Worker-13] INFO  org.eclipse.jetty.server.Server - Started @634228ms
2019-05-13 19:08:45,243 [Worker-24] INFO  o.e.m.c.i.e.AbstractTransferListenerAdapter - Downloading http://maven.wso2.org/nexus/content/groups/wso2-public/org/codehaus/mojo/exec-maven-plugin/1.4.0/exec-maven-plugin-1.4.0.pom
2019-05-13 19:08:45,405 [Worker-24] INFO  o.e.m.c.i.e.AbstractTransferListenerAdapter - Downloaded http://maven.wso2.org/nexus/content/groups/wso2-public/org/codehaus/mojo/exec-maven-plugin/1.4.0/exec-maven-plugin-1.4.0.pom
2019-05-13 19:08:45,708 [Worker-24] INFO  o.e.m.c.i.e.AbstractTransferListenerAdapter - Downloading http://maven.wso2.org/nexus/content/groups/wso2-public/org/codehaus/mojo/mojo-parent/34/mojo-parent-34.pom
2019-05-13 19:08:45,824 [Worker-24] INFO  o.e.m.c.i.e.AbstractTransferListenerAdapter - Downloaded http://maven.wso2.org/nexus/content/groups/wso2-public/org/codehaus/mojo/mojo-parent/34/mojo-parent-34.pom
2019-05-13 19:08:45,990 [Worker-24] INFO  o.e.m.c.i.e.AbstractTransferListenerAdapter - Downloading http://maven.wso2.org/nexus/content/groups/wso2-public/org/codehaus/codehaus-parent/4/codehaus-parent-4.pom
2019-05-13 19:08:46,152 [Worker-24] INFO  o.e.m.c.i.e.AbstractTransferListenerAdapter - Downloaded http://maven.wso2.org/nexus/content/groups/wso2-public/org/codehaus/codehaus-parent/4/codehaus-parent-4.pom
2019-05-13 19:08:46,544 [Worker-24] INFO  o.e.m.c.i.e.AbstractTransferListenerAdapter - Downloading http://maven.wso2.org/nexus/content/groups/wso2-public/junit/junit/4.11/junit-4.11.pom
2019-05-13 19:08:46,729 [Worker-24] INFO  o.e.m.c.i.e.AbstractTransferListenerAdapter - Downloaded http://maven.wso2.org/nexus/content/groups/wso2-public/junit/junit/4.11/junit-4.11.pom
2019-05-13 19:08:48,941 [Worker-24] INFO  o.e.m.c.i.e.AbstractTransferListenerAdapter - Downloading http://maven.wso2.org/nexus/content/groups/wso2-public/org/apache/commons/commons-exec/1.3/commons-exec-1.3.pom
2019-05-13 19:08:49,107 [Worker-24] INFO  o.e.m.c.i.e.AbstractTransferListenerAdapter - Downloaded http://maven.wso2.org/nexus/content/groups/wso2-public/org/apache/commons/commons-exec/1.3/commons-exec-1.3.pom
2019-05-13 19:08:49,408 [Worker-24] INFO  o.e.m.c.i.e.AbstractTransferListenerAdapter - Downloading http://maven.wso2.org/nexus/content/groups/wso2-public/org/apache/commons/commons-parent/35/commons-parent-35.pom
2019-05-13 19:08:49,542 [Worker-24] INFO  o.e.m.c.i.e.AbstractTransferListenerAdapter - Downloaded http://maven.wso2.org/nexus/content/groups/wso2-public/org/apache/commons/commons-parent/35/commons-parent-35.pom
2019-05-13 19:08:49,857 [Worker-24] INFO  o.e.m.c.i.e.AbstractTransferListenerAdapter - Downloading http://maven.wso2.org/nexus/content/groups/wso2-public/org/codehaus/mojo/exec-maven-plugin/1.4.0/exec-maven-plugin-1.4.0.jar
2019-05-13 19:08:49,986 [Worker-24] INFO  o.e.m.c.i.e.AbstractTransferListenerAdapter - Downloaded http://maven.wso2.org/nexus/content/groups/wso2-public/org/codehaus/mojo/exec-maven-plugin/1.4.0/exec-maven-plugin-1.4.0.jar
2019-05-13 19:08:50,289 [Worker-24] INFO  o.e.m.c.i.e.AbstractTransferListenerAdapter - Downloading http://maven.wso2.org/nexus/content/groups/wso2-public/org/apache/commons/commons-exec/1.3/commons-exec-1.3.jar
2019-05-13 19:08:50,465 [Worker-24] INFO  o.e.m.c.i.e.AbstractTransferListenerAdapter - Downloaded http://maven.wso2.org/nexus/content/groups/wso2-public/org/apache/commons/commons-exec/1.3/commons-exec-1.3.jar
2019-05-13 19:08:51,580 [Worker-24] INFO  o.e.m.c.i.e.AbstractTransferListenerAdapter - Downloading http://maven.wso2.org/nexus/content/groups/wso2-public/org/wso2/maven/wso2-esb-endpoint-plugin/2.1.0/wso2-esb-endpoint-plugin-2.1.0.pom
2019-05-13 19:08:51,785 [Worker-24] INFO  o.e.m.c.i.e.AbstractTransferListenerAdapter - Downloaded http://maven.wso2.org/nexus/content/groups/wso2-public/org/wso2/maven/wso2-esb-endpoint-plugin/2.1.0/wso2-esb-endpoint-plugin-2.1.0.pom
2019-05-13 19:08:51,992 [Worker-24] INFO  o.e.m.c.i.e.AbstractTransferListenerAdapter - Downloading http://maven.wso2.org/nexus/content/groups/wso2-public/org/wso2/maven/maven-tools/5.0.0/maven-tools-5.0.0.pom
2019-05-13 19:08:52,141 [Worker-24] INFO  o.e.m.c.i.e.AbstractTransferListenerAdapter - Downloaded http://maven.wso2.org/nexus/content/groups/wso2-public/org/wso2/maven/maven-tools/5.0.0/maven-tools-5.0.0.pom
2019-05-13 19:08:52,304 [Worker-24] INFO  o.e.m.c.i.e.AbstractTransferListenerAdapter - Downloading http://maven.wso2.org/nexus/content/groups/wso2-public/org/wso2/wso2/1/wso2-1.pom
2019-05-13 19:08:52,464 [Worker-24] INFO  o.e.m.c.i.e.AbstractTransferListenerAdapter - Downloaded http://maven.wso2.org/nexus/content/groups/wso2-public/org/wso2/wso2/1/wso2-1.pom
2019-05-13 19:08:52,632 [Worker-24] INFO  o.e.m.c.i.e.AbstractTransferListenerAdapter - Downloading http://maven.wso2.org/nexus/content/groups/wso2-public/biz/aQute/bndlib/0.0.357/bndlib-0.0.357.pom
2019-05-13 19:08:52,782 [Worker-24] INFO  o.e.m.c.i.e.AbstractTransferListenerAdapter - Downloaded http://maven.wso2.org/nexus/content/groups/wso2-public/biz/aQute/bndlib/0.0.357/bndlib-0.0.357.pom
2019-05-13 19:08:52,950 [Worker-24] INFO  o.e.m.c.i.e.AbstractTransferListenerAdapter - Downloading http://maven.wso2.org/nexus/content/groups/wso2-public/net/sf/kxml/kxml2/2.2.2/kxml2-2.2.2.pom
2019-05-13 19:08:53,103 [Worker-24] INFO  o.e.m.c.i.e.AbstractTransferListenerAdapter - Downloaded http://maven.wso2.org/nexus/content/groups/wso2-public/net/sf/kxml/kxml2/2.2.2/kxml2-2.2.2.pom
2019-05-13 19:08:53,262 [Worker-24] INFO  o.e.m.c.i.e.AbstractTransferListenerAdapter - Downloading http://maven.wso2.org/nexus/content/groups/wso2-public/org/apache/felix/org.apache.felix.bundlerepository/1.6.2/org.apache.felix.bundlerepository-1.6.2.pom
2019-05-13 19:08:53,423 [Worker-24] INFO  o.e.m.c.i.e.AbstractTransferListenerAdapter - Downloaded http://maven.wso2.org/nexus/content/groups/wso2-public/org/apache/felix/org.apache.felix.bundlerepository/1.6.2/org.apache.felix.bundlerepository-1.6.2.pom
2019-05-13 19:08:53,581 [Worker-24] INFO  o.e.m.c.i.e.AbstractTransferListenerAdapter - Downloading http://maven.wso2.org/nexus/content/groups/wso2-public/org/apache/felix/felix-parent/1.2.1/felix-parent-1.2.1.pom
2019-05-13 19:08:53,743 [Worker-24] INFO  o.e.m.c.i.e.AbstractTransferListenerAdapter - Downloaded http://maven.wso2.org/nexus/content/groups/wso2-public/org/apache/felix/felix-parent/1.2.1/felix-parent-1.2.1.pom
2019-05-13 19:08:53,898 [Worker-24] INFO  o.e.m.c.i.e.AbstractTransferListenerAdapter - Downloading http://maven.wso2.org/nexus/content/groups/wso2-public/org/osgi/org.osgi.core/4.1.0/org.osgi.core-4.1.0.pom
2019-05-13 19:08:54,065 [Worker-24] INFO  o.e.m.c.i.e.AbstractTransferListenerAdapter - Downloaded http://maven.wso2.org/nexus/content/groups/wso2-public/org/osgi/org.osgi.core/4.1.0/org.osgi.core-4.1.0.pom
2019-05-13 19:08:54,228 [Worker-24] INFO  o.e.m.c.i.e.AbstractTransferListenerAdapter - Downloading http://maven.wso2.org/nexus/content/groups/wso2-public/org/easymock/easymock/2.4/easymock-2.4.pom
2019-05-13 19:08:54,387 [Worker-24] INFO  o.e.m.c.i.e.AbstractTransferListenerAdapter - Downloaded http://maven.wso2.org/nexus/content/groups/wso2-public/org/easymock/easymock/2.4/easymock-2.4.pom
2019-05-13 19:08:54,549 [Worker-24] INFO  o.e.m.c.i.e.AbstractTransferListenerAdapter - Downloading http://maven.wso2.org/nexus/content/groups/wso2-public/org/apache/felix/org.osgi.core/1.0.0/org.osgi.core-1.0.0.pom
2019-05-13 19:08:54,706 [Worker-24] INFO  o.e.m.c.i.e.AbstractTransferListenerAdapter - Downloaded http://maven.wso2.org/nexus/content/groups/wso2-public/org/apache/felix/org.osgi.core/1.0.0/org.osgi.core-1.0.0.pom
2019-05-13 19:08:54,850 [Worker-24] INFO  o.e.m.c.i.e.AbstractTransferListenerAdapter - Downloading http://maven.wso2.org/nexus/content/groups/wso2-public/org/apache/felix/felix/1.0.0/felix-1.0.0.pom
2019-05-13 19:08:55,023 [Worker-24] INFO  o.e.m.c.i.e.AbstractTransferListenerAdapter - Downloaded http://maven.wso2.org/nexus/content/groups/wso2-public/org/apache/felix/felix/1.0.0/felix-1.0.0.pom
2019-05-13 19:08:55,170 [Worker-24] INFO  o.e.m.c.i.e.AbstractTransferListenerAdapter - Downloading http://maven.wso2.org/nexus/content/groups/wso2-public/org/apache/felix/org.osgi.service.obr/1.0.1/org.osgi.service.obr-1.0.1.pom
2019-05-13 19:08:55,302 [Worker-24] INFO  o.e.m.c.i.e.AbstractTransferListenerAdapter - Downloaded http://maven.wso2.org/nexus/content/groups/wso2-public/org/apache/felix/org.osgi.service.obr/1.0.1/org.osgi.service.obr-1.0.1.pom
2019-05-13 19:08:55,431 [Worker-24] INFO  o.e.m.c.i.e.AbstractTransferListenerAdapter - Downloading http://maven.wso2.org/nexus/content/groups/wso2-public/org/apache/felix/felix/1.0.2/felix-1.0.2.pom
2019-05-13 19:08:55,565 [Worker-24] INFO  o.e.m.c.i.e.AbstractTransferListenerAdapter - Downloaded http://maven.wso2.org/nexus/content/groups/wso2-public/org/apache/felix/felix/1.0.2/felix-1.0.2.pom
2019-05-13 19:08:55,741 [Worker-24] INFO  o.e.m.c.i.e.AbstractTransferListenerAdapter - Downloading http://maven.wso2.org/nexus/content/groups/wso2-public/org/apache/maven/maven-model/3.0.2/maven-model-3.0.2.pom
2019-05-13 19:08:55,912 [Worker-24] INFO  o.e.m.c.i.e.AbstractTransferListenerAdapter - Downloaded http://maven.wso2.org/nexus/content/groups/wso2-public/org/apache/maven/maven-model/3.0.2/maven-model-3.0.2.pom
2019-05-13 19:08:56,077 [Worker-24] INFO  o.e.m.c.i.e.AbstractTransferListenerAdapter - Downloading http://maven.wso2.org/nexus/content/groups/wso2-public/org/apache/maven/maven/3.0.2/maven-3.0.2.pom
2019-05-13 19:08:56,224 [Worker-24] INFO  o.e.m.c.i.e.AbstractTransferListenerAdapter - Downloaded http://maven.wso2.org/nexus/content/groups/wso2-public/org/apache/maven/maven/3.0.2/maven-3.0.2.pom
2019-05-13 19:08:56,389 [Worker-24] INFO  o.e.m.c.i.e.AbstractTransferListenerAdapter - Downloading http://maven.wso2.org/nexus/content/groups/wso2-public/org/codehaus/plexus/plexus-utils/2.0.1/plexus-utils-2.0.1.pom
2019-05-13 19:08:56,544 [Worker-24] INFO  o.e.m.c.i.e.AbstractTransferListenerAdapter - Downloaded http://maven.wso2.org/nexus/content/groups/wso2-public/org/codehaus/plexus/plexus-utils/2.0.1/plexus-utils-2.0.1.pom
2019-05-13 19:08:56,705 [Worker-24] INFO  o.e.m.c.i.e.AbstractTransferListenerAdapter - Downloading http://maven.wso2.org/nexus/content/groups/wso2-public/org/codehaus/plexus/plexus-container-default/1.5.4/plexus-container-default-1.5.4.pom
2019-05-13 19:08:56,865 [Worker-24] INFO  o.e.m.c.i.e.AbstractTransferListenerAdapter - Downloaded http://maven.wso2.org/nexus/content/groups/wso2-public/org/codehaus/plexus/plexus-container-default/1.5.4/plexus-container-default-1.5.4.pom
2019-05-13 19:08:57,128 [Worker-24] INFO  o.e.m.c.i.e.AbstractTransferListenerAdapter - Downloading http://maven.wso2.org/nexus/content/groups/wso2-public/log4j/log4j/1.2.14/log4j-1.2.14.pom
2019-05-13 19:08:57,263 [Worker-24] INFO  o.e.m.c.i.e.AbstractTransferListenerAdapter - Downloaded http://maven.wso2.org/nexus/content/groups/wso2-public/log4j/log4j/1.2.14/log4j-1.2.14.pom
2019-05-13 19:08:57,661 [Worker-24] INFO  o.e.m.c.i.e.AbstractTransferListenerAdapter - Downloading http://maven.wso2.org/nexus/content/groups/wso2-public/org/apache/maven/maven-archiver/2.2/maven-archiver-2.2.pom
2019-05-13 19:08:57,873 [Worker-24] INFO  o.e.m.c.i.e.AbstractTransferListenerAdapter - Downloaded http://maven.wso2.org/nexus/content/groups/wso2-public/org/apache/maven/maven-archiver/2.2/maven-archiver-2.2.pom
2019-05-13 19:08:58,069 [Worker-24] INFO  o.e.m.c.i.e.AbstractTransferListenerAdapter - Downloading http://maven.wso2.org/nexus/content/groups/wso2-public/org/apache/maven/shared/maven-shared-components/3/maven-shared-components-3.pom
2019-05-13 19:08:58,252 [Worker-24] INFO  o.e.m.c.i.e.AbstractTransferListenerAdapter - Downloaded http://maven.wso2.org/nexus/content/groups/wso2-public/org/apache/maven/shared/maven-shared-components/3/maven-shared-components-3.pom
2019-05-13 19:08:58,383 [Worker-24] INFO  o.e.m.c.i.e.AbstractTransferListenerAdapter - Downloading http://maven.wso2.org/nexus/content/groups/wso2-public/org/apache/maven/maven-parent/4/maven-parent-4.pom
2019-05-13 19:08:58,585 [Worker-24] INFO  o.e.m.c.i.e.AbstractTransferListenerAdapter - Downloaded http://maven.wso2.org/nexus/content/groups/wso2-public/org/apache/maven/maven-parent/4/maven-parent-4.pom
2019-05-13 19:08:58,778 [Worker-24] INFO  o.e.m.c.i.e.AbstractTransferListenerAdapter - Downloading http://maven.wso2.org/nexus/content/groups/wso2-public/org/codehaus/plexus/plexus-archiver/1.0-alpha-7/plexus-archiver-1.0-alpha-7.pom
2019-05-13 19:08:58,961 [Worker-24] INFO  o.e.m.c.i.e.AbstractTransferListenerAdapter - Downloaded http://maven.wso2.org/nexus/content/groups/wso2-public/org/codehaus/plexus/plexus-archiver/1.0-alpha-7/plexus-archiver-1.0-alpha-7.pom
2019-05-13 19:08:59,110 [Worker-24] INFO  o.e.m.c.i.e.AbstractTransferListenerAdapter - Downloading http://maven.wso2.org/nexus/content/groups/wso2-public/org/codehaus/plexus/plexus-components/1.1.6/plexus-components-1.1.6.pom
2019-05-13 19:08:59,287 [Worker-24] INFO  o.e.m.c.i.e.AbstractTransferListenerAdapter - Downloaded http://maven.wso2.org/nexus/content/groups/wso2-public/org/codehaus/plexus/plexus-components/1.1.6/plexus-components-1.1.6.pom
2019-05-13 19:08:59,457 [Worker-24] INFO  o.e.m.c.i.e.AbstractTransferListenerAdapter - Downloading http://maven.wso2.org/nexus/content/groups/wso2-public/org/apache/maven/shared/maven-dependency-tree/1.2/maven-dependency-tree-1.2.pom
2019-05-13 19:08:59,611 [Worker-24] INFO  o.e.m.c.i.e.AbstractTransferListenerAdapter - Downloaded http://maven.wso2.org/nexus/content/groups/wso2-public/org/apache/maven/shared/maven-dependency-tree/1.2/maven-dependency-tree-1.2.pom
2019-05-13 19:08:59,752 [Worker-24] INFO  o.e.m.c.i.e.AbstractTransferListenerAdapter - Downloading http://maven.wso2.org/nexus/content/groups/wso2-public/org/apache/maven/shared/maven-shared-components/9/maven-shared-components-9.pom
2019-05-13 19:08:59,944 [Worker-24] INFO  o.e.m.c.i.e.AbstractTransferListenerAdapter - Downloaded http://maven.wso2.org/nexus/content/groups/wso2-public/org/apache/maven/shared/maven-shared-components/9/maven-shared-components-9.pom
2019-05-13 19:09:00,242 [Worker-24] INFO  o.e.m.c.i.e.AbstractTransferListenerAdapter - Downloading http://maven.wso2.org/nexus/content/groups/wso2-public/org/apache/maven/wagon/wagon-provider-api/1.0-beta-2/wagon-provider-api-1.0-beta-2.pom
2019-05-13 19:09:00,391 [Worker-24] INFO  o.e.m.c.i.e.AbstractTransferListenerAdapter - Downloaded http://maven.wso2.org/nexus/content/groups/wso2-public/org/apache/maven/wagon/wagon-provider-api/1.0-beta-2/wagon-provider-api-1.0-beta-2.pom
2019-05-13 19:09:00,569 [Worker-24] INFO  o.e.m.c.i.e.AbstractTransferListenerAdapter - Downloading http://maven.wso2.org/nexus/content/groups/wso2-public/org/apache/maven/wagon/wagon/1.0-beta-2/wagon-1.0-beta-2.pom
2019-05-13 19:09:00,703 [Worker-24] INFO  o.e.m.c.i.e.AbstractTransferListenerAdapter - Downloaded http://maven.wso2.org/nexus/content/groups/wso2-public/org/apache/maven/wagon/wagon/1.0-beta-2/wagon-1.0-beta-2.pom
2019-05-13 19:09:00,888 [Worker-24] INFO  o.e.m.c.i.e.AbstractTransferListenerAdapter - Downloading http://maven.wso2.org/nexus/content/groups/wso2-public/org/wso2/maven/org.wso2.maven.capp/2.1.0/org.wso2.maven.capp-2.1.0.pom
2019-05-13 19:09:01,030 [Worker-24] INFO  o.e.m.c.i.e.AbstractTransferListenerAdapter - Downloaded http://maven.wso2.org/nexus/content/groups/wso2-public/org/wso2/maven/org.wso2.maven.capp/2.1.0/org.wso2.maven.capp-2.1.0.pom
2019-05-13 19:09:01,291 [Worker-24] INFO  o.e.m.c.i.e.AbstractTransferListenerAdapter - Downloading http://maven.wso2.org/nexus/content/groups/wso2-public/org/apache/ws/commons/axiom/wso2/axiom/1.2.11.wso2v4/axiom-1.2.11.wso2v4.pom
2019-05-13 19:09:01,427 [Worker-24] INFO  o.e.m.c.i.e.AbstractTransferListenerAdapter - Downloaded http://maven.wso2.org/nexus/content/groups/wso2-public/org/apache/ws/commons/axiom/wso2/axiom/1.2.11.wso2v4/axiom-1.2.11.wso2v4.pom
2019-05-13 19:09:01,684 [Worker-24] INFO  o.e.m.c.i.e.AbstractTransferListenerAdapter - Downloading http://maven.wso2.org/nexus/content/groups/wso2-public/org/wso2/carbon/carbon-kernel-dependents/4.1.0/carbon-kernel-dependents-4.1.0.pom
2019-05-13 19:09:01,906 [Worker-24] INFO  o.e.m.c.i.e.AbstractTransferListenerAdapter - Downloaded http://maven.wso2.org/nexus/content/groups/wso2-public/org/wso2/carbon/carbon-kernel-dependents/4.1.0/carbon-kernel-dependents-4.1.0.pom
2019-05-13 19:09:02,083 [Worker-24] INFO  o.e.m.c.i.e.AbstractTransferListenerAdapter - Downloading http://maven.wso2.org/nexus/content/groups/wso2-public/org/wso2/carbon/carbon-parent/4.1.0/carbon-parent-4.1.0.pom
2019-05-13 19:09:02,224 [Worker-24] INFO  o.e.m.c.i.e.AbstractTransferListenerAdapter - Downloaded http://maven.wso2.org/nexus/content/groups/wso2-public/org/wso2/carbon/carbon-parent/4.1.0/carbon-parent-4.1.0.pom
2019-05-13 19:09:02,401 [Worker-24] INFO  o.e.m.c.i.e.AbstractTransferListenerAdapter - Downloading http://maven.wso2.org/nexus/content/groups/wso2-public/org/wso2/maven/org.wso2.maven.utils/2.1.0/org.wso2.maven.utils-2.1.0.pom
2019-05-13 19:09:02,546 [Worker-24] INFO  o.e.m.c.i.e.AbstractTransferListenerAdapter - Downloaded http://maven.wso2.org/nexus/content/groups/wso2-public/org/wso2/maven/org.wso2.maven.utils/2.1.0/org.wso2.maven.utils-2.1.0.pom
2019-05-13 19:09:02,704 [Worker-24] INFO  o.e.m.c.i.e.AbstractTransferListenerAdapter - Downloading http://maven.wso2.org/nexus/content/groups/wso2-public/org/wso2/maven/org.wso2.maven.core/2.1.0/org.wso2.maven.core-2.1.0.pom
2019-05-13 19:09:02,936 [Worker-24] INFO  o.e.m.c.i.e.AbstractTransferListenerAdapter - Downloaded http://maven.wso2.org/nexus/content/groups/wso2-public/org/wso2/maven/org.wso2.maven.core/2.1.0/org.wso2.maven.core-2.1.0.pom
2019-05-13 19:09:03,106 [Worker-24] INFO  o.e.m.c.i.e.AbstractTransferListenerAdapter - Downloading http://maven.wso2.org/nexus/content/groups/wso2-public/org/wso2/maven/org.wso2.maven.esb/2.1.0/org.wso2.maven.esb-2.1.0.pom
2019-05-13 19:09:03,268 [Worker-24] INFO  o.e.m.c.i.e.AbstractTransferListenerAdapter - Downloaded http://maven.wso2.org/nexus/content/groups/wso2-public/org/wso2/maven/org.wso2.maven.esb/2.1.0/org.wso2.maven.esb-2.1.0.pom
2019-05-13 19:09:03,629 [Worker-24] INFO  o.e.m.c.i.e.AbstractTransferListenerAdapter - Downloading http://maven.wso2.org/nexus/content/groups/wso2-public/org/wso2/maven/wso2-esb-endpoint-plugin/2.1.0/wso2-esb-endpoint-plugin-2.1.0.jar
2019-05-13 19:09:03,828 [Worker-24] INFO  o.e.m.c.i.e.AbstractTransferListenerAdapter - Downloaded http://maven.wso2.org/nexus/content/groups/wso2-public/org/wso2/maven/wso2-esb-endpoint-plugin/2.1.0/wso2-esb-endpoint-plugin-2.1.0.jar
2019-05-13 19:09:05,481 [Worker-24] INFO  o.e.m.c.i.e.AbstractTransferListenerAdapter - Downloading http://maven.wso2.org/nexus/content/groups/wso2-public/biz/aQute/bndlib/0.0.357/bndlib-0.0.357.jar
2019-05-13 19:09:05,663 [Worker-24] INFO  o.e.m.c.i.e.AbstractTransferListenerAdapter - Downloaded http://maven.wso2.org/nexus/content/groups/wso2-public/biz/aQute/bndlib/0.0.357/bndlib-0.0.357.jar
2019-05-13 19:09:05,892 [Worker-24] INFO  o.e.m.c.i.e.AbstractTransferListenerAdapter - Downloading http://maven.wso2.org/nexus/content/groups/wso2-public/net/sf/kxml/kxml2/2.2.2/kxml2-2.2.2.jar
2019-05-13 19:09:06,061 [Worker-24] INFO  o.e.m.c.i.e.AbstractTransferListenerAdapter - Downloaded http://maven.wso2.org/nexus/content/groups/wso2-public/net/sf/kxml/kxml2/2.2.2/kxml2-2.2.2.jar
2019-05-13 19:09:06,659 [Worker-24] INFO  o.e.m.c.i.e.AbstractTransferListenerAdapter - Downloading http://maven.wso2.org/nexus/content/groups/wso2-public/org/apache/felix/org.apache.felix.bundlerepository/1.6.2/org.apache.felix.bundlerepository-1.6.2.jar
2019-05-13 19:09:06,862 [Worker-24] INFO  o.e.m.c.i.e.AbstractTransferListenerAdapter - Downloaded http://maven.wso2.org/nexus/content/groups/wso2-public/org/apache/felix/org.apache.felix.bundlerepository/1.6.2/org.apache.felix.bundlerepository-1.6.2.jar
2019-05-13 19:09:07,577 [Worker-24] INFO  o.e.m.c.i.e.AbstractTransferListenerAdapter - Downloading http://maven.wso2.org/nexus/content/groups/wso2-public/org/osgi/org.osgi.core/4.1.0/org.osgi.core-4.1.0.jar
2019-05-13 19:09:07,742 [Worker-24] INFO  o.e.m.c.i.e.AbstractTransferListenerAdapter - Downloaded http://maven.wso2.org/nexus/content/groups/wso2-public/org/osgi/org.osgi.core/4.1.0/org.osgi.core-4.1.0.jar
2019-05-13 19:09:08,152 [Worker-24] INFO  o.e.m.c.i.e.AbstractTransferListenerAdapter - Downloading http://maven.wso2.org/nexus/content/groups/wso2-public/org/easymock/easymock/2.4/easymock-2.4.jar
2019-05-13 19:09:08,301 [Worker-24] INFO  o.e.m.c.i.e.AbstractTransferListenerAdapter - Downloaded http://maven.wso2.org/nexus/content/groups/wso2-public/org/easymock/easymock/2.4/easymock-2.4.jar
2019-05-13 19:09:08,732 [Worker-24] INFO  o.e.m.c.i.e.AbstractTransferListenerAdapter - Downloading http://maven.wso2.org/nexus/content/groups/wso2-public/org/apache/felix/org.osgi.core/1.0.0/org.osgi.core-1.0.0.jar
2019-05-13 19:09:08,865 [Worker-24] INFO  o.e.m.c.i.e.AbstractTransferListenerAdapter - Downloaded http://maven.wso2.org/nexus/content/groups/wso2-public/org/apache/felix/org.osgi.core/1.0.0/org.osgi.core-1.0.0.jar
2019-05-13 19:09:09,068 [Worker-24] INFO  o.e.m.c.i.e.AbstractTransferListenerAdapter - Downloading http://maven.wso2.org/nexus/content/groups/wso2-public/org/apache/felix/org.osgi.service.obr/1.0.1/org.osgi.service.obr-1.0.1.jar
2019-05-13 19:09:09,186 [Worker-24] INFO  o.e.m.c.i.e.AbstractTransferListenerAdapter - Downloaded http://maven.wso2.org/nexus/content/groups/wso2-public/org/apache/felix/org.osgi.service.obr/1.0.1/org.osgi.service.obr-1.0.1.jar
2019-05-13 19:09:10,291 [Worker-24] INFO  o.e.m.c.i.e.AbstractTransferListenerAdapter - Downloading http://maven.wso2.org/nexus/content/groups/wso2-public/org/apache/maven/maven-model/3.0.2/maven-model-3.0.2.jar
2019-05-13 19:09:10,451 [Worker-24] INFO  o.e.m.c.i.e.AbstractTransferListenerAdapter - Downloaded http://maven.wso2.org/nexus/content/groups/wso2-public/org/apache/maven/maven-model/3.0.2/maven-model-3.0.2.jar
2019-05-13 19:09:10,646 [Worker-24] INFO  o.e.m.c.i.e.AbstractTransferListenerAdapter - Downloading http://maven.wso2.org/nexus/content/groups/wso2-public/org/codehaus/plexus/plexus-component-annotations/1.5.4/plexus-component-annotations-1.5.4.jar
2019-05-13 19:09:10,788 [Worker-24] INFO  o.e.m.c.i.e.AbstractTransferListenerAdapter - Downloaded http://maven.wso2.org/nexus/content/groups/wso2-public/org/codehaus/plexus/plexus-component-annotations/1.5.4/plexus-component-annotations-1.5.4.jar
2019-05-13 19:09:10,972 [Worker-24] INFO  o.e.m.c.i.e.AbstractTransferListenerAdapter - Downloading http://maven.wso2.org/nexus/content/groups/wso2-public/org/apache/maven/maven-archiver/2.2/maven-archiver-2.2.jar
2019-05-13 19:09:11,143 [Worker-24] INFO  o.e.m.c.i.e.AbstractTransferListenerAdapter - Downloaded http://maven.wso2.org/nexus/content/groups/wso2-public/org/apache/maven/maven-archiver/2.2/maven-archiver-2.2.jar
2019-05-13 19:09:11,349 [Worker-24] INFO  o.e.m.c.i.e.AbstractTransferListenerAdapter - Downloading http://maven.wso2.org/nexus/content/groups/wso2-public/org/apache/maven/shared/maven-dependency-tree/1.2/maven-dependency-tree-1.2.jar
2019-05-13 19:09:11,502 [Worker-24] INFO  o.e.m.c.i.e.AbstractTransferListenerAdapter - Downloaded http://maven.wso2.org/nexus/content/groups/wso2-public/org/apache/maven/shared/maven-dependency-tree/1.2/maven-dependency-tree-1.2.jar
2019-05-13 19:09:11,803 [Worker-24] INFO  o.e.m.c.i.e.AbstractTransferListenerAdapter - Downloading http://maven.wso2.org/nexus/content/groups/wso2-public/org/apache/maven/wagon/wagon-provider-api/1.0-beta-2/wagon-provider-api-1.0-beta-2.jar
2019-05-13 19:09:11,985 [Worker-24] INFO  o.e.m.c.i.e.AbstractTransferListenerAdapter - Downloaded http://maven.wso2.org/nexus/content/groups/wso2-public/org/apache/maven/wagon/wagon-provider-api/1.0-beta-2/wagon-provider-api-1.0-beta-2.jar
2019-05-13 19:09:13,367 [Worker-24] INFO  o.e.m.c.i.e.AbstractTransferListenerAdapter - Downloading http://maven.wso2.org/nexus/content/groups/wso2-public/org/codehaus/plexus/plexus-container-default/1.5.4/plexus-container-default-1.5.4.jar
2019-05-13 19:09:13,502 [Worker-24] INFO  o.e.m.c.i.e.AbstractTransferListenerAdapter - Downloaded http://maven.wso2.org/nexus/content/groups/wso2-public/org/codehaus/plexus/plexus-container-default/1.5.4/plexus-container-default-1.5.4.jar
2019-05-13 19:09:14,809 [Worker-24] INFO  o.e.m.c.i.e.AbstractTransferListenerAdapter - Downloading http://maven.wso2.org/nexus/content/groups/wso2-public/log4j/log4j/1.2.14/log4j-1.2.14.jar
2019-05-13 19:09:14,942 [Worker-24] INFO  o.e.m.c.i.e.AbstractTransferListenerAdapter - Downloaded http://maven.wso2.org/nexus/content/groups/wso2-public/log4j/log4j/1.2.14/log4j-1.2.14.jar
2019-05-13 19:09:15,718 [Worker-24] INFO  o.e.m.c.i.e.AbstractTransferListenerAdapter - Downloading http://maven.wso2.org/nexus/content/groups/wso2-public/org/codehaus/plexus/plexus-archiver/1.0-alpha-7/plexus-archiver-1.0-alpha-7.jar
2019-05-13 19:09:15,901 [Worker-24] INFO  o.e.m.c.i.e.AbstractTransferListenerAdapter - Downloaded http://maven.wso2.org/nexus/content/groups/wso2-public/org/codehaus/plexus/plexus-archiver/1.0-alpha-7/plexus-archiver-1.0-alpha-7.jar
2019-05-13 19:09:16,595 [Worker-24] INFO  o.e.m.c.i.e.AbstractTransferListenerAdapter - Downloading http://maven.wso2.org/nexus/content/groups/wso2-public/org/codehaus/plexus/plexus-utils/2.0.1/plexus-utils-2.0.1.jar
2019-05-13 19:09:16,782 [Worker-24] INFO  o.e.m.c.i.e.AbstractTransferListenerAdapter - Downloaded http://maven.wso2.org/nexus/content/groups/wso2-public/org/codehaus/plexus/plexus-utils/2.0.1/plexus-utils-2.0.1.jar
2019-05-13 19:09:17,015 [Worker-24] INFO  o.e.m.c.i.e.AbstractTransferListenerAdapter - Downloading http://maven.wso2.org/nexus/content/groups/wso2-public/org/wso2/maven/org.wso2.maven.capp/2.1.0/org.wso2.maven.capp-2.1.0.jar
2019-05-13 19:09:17,181 [Worker-24] INFO  o.e.m.c.i.e.AbstractTransferListenerAdapter - Downloaded http://maven.wso2.org/nexus/content/groups/wso2-public/org/wso2/maven/org.wso2.maven.capp/2.1.0/org.wso2.maven.capp-2.1.0.jar
2019-05-13 19:09:17,341 [Worker-24] INFO  o.e.m.c.i.e.AbstractTransferListenerAdapter - Downloading http://maven.wso2.org/nexus/content/groups/wso2-public/org/apache/ws/commons/axiom/wso2/axiom/1.2.11.wso2v4/axiom-1.2.11.wso2v4.jar
2019-05-13 19:09:18,461 [Worker-24] INFO  o.e.m.c.i.e.AbstractTransferListenerAdapter - Downloaded http://maven.wso2.org/nexus/content/groups/wso2-public/org/apache/ws/commons/axiom/wso2/axiom/1.2.11.wso2v4/axiom-1.2.11.wso2v4.jar
2019-05-13 19:09:18,660 [Worker-24] INFO  o.e.m.c.i.e.AbstractTransferListenerAdapter - Downloading http://maven.wso2.org/nexus/content/groups/wso2-public/org/wso2/maven/org.wso2.maven.utils/2.1.0/org.wso2.maven.utils-2.1.0.jar
2019-05-13 19:09:18,781 [Worker-24] INFO  o.e.m.c.i.e.AbstractTransferListenerAdapter - Downloaded http://maven.wso2.org/nexus/content/groups/wso2-public/org/wso2/maven/org.wso2.maven.utils/2.1.0/org.wso2.maven.utils-2.1.0.jar
2019-05-13 19:09:18,996 [Worker-24] INFO  o.e.m.c.i.e.AbstractTransferListenerAdapter - Downloading http://maven.wso2.org/nexus/content/groups/wso2-public/org/wso2/maven/org.wso2.maven.core/2.1.0/org.wso2.maven.core-2.1.0.jar
2019-05-13 19:09:19,101 [Worker-24] INFO  o.e.m.c.i.e.AbstractTransferListenerAdapter - Downloaded http://maven.wso2.org/nexus/content/groups/wso2-public/org/wso2/maven/org.wso2.maven.core/2.1.0/org.wso2.maven.core-2.1.0.jar
2019-05-13 19:09:19,302 [Worker-24] INFO  o.e.m.c.i.e.AbstractTransferListenerAdapter - Downloading http://maven.wso2.org/nexus/content/groups/wso2-public/org/wso2/maven/org.wso2.maven.esb/2.1.0/org.wso2.maven.esb-2.1.0.jar
2019-05-13 19:09:19,404 [Worker-24] INFO  o.e.m.c.i.e.AbstractTransferListenerAdapter - Downloaded http://maven.wso2.org/nexus/content/groups/wso2-public/org/wso2/maven/org.wso2.maven.esb/2.1.0/org.wso2.maven.esb-2.1.0.jar
2019-05-13 19:09:21,589 [Worker-24] INFO  o.e.m.c.i.e.AbstractTransferListenerAdapter - Downloading http://maven.wso2.org/nexus/content/groups/wso2-public/org/wso2/maven/wso2-esb-api-plugin/2.1.0/wso2-esb-api-plugin-2.1.0.pom
2019-05-13 19:09:21,741 [Worker-24] INFO  o.e.m.c.i.e.AbstractTransferListenerAdapter - Downloaded http://maven.wso2.org/nexus/content/groups/wso2-public/org/wso2/maven/wso2-esb-api-plugin/2.1.0/wso2-esb-api-plugin-2.1.0.pom
2019-05-13 19:09:22,037 [Worker-24] INFO  o.e.m.c.i.e.AbstractTransferListenerAdapter - Downloading http://maven.wso2.org/nexus/content/groups/wso2-public/org/wso2/maven/wso2-esb-api-plugin/2.1.0/wso2-esb-api-plugin-2.1.0.jar
2019-05-13 19:09:22,141 [Worker-24] INFO  o.e.m.c.i.e.AbstractTransferListenerAdapter - Downloaded http://maven.wso2.org/nexus/content/groups/wso2-public/org/wso2/maven/wso2-esb-api-plugin/2.1.0/wso2-esb-api-plugin-2.1.0.jar
2019-05-13 19:09:22,380 [Worker-24] INFO  o.e.m.c.i.e.AbstractTransferListenerAdapter - Downloading http://maven.wso2.org/nexus/content/groups/wso2-public/org/wso2/maven/wso2-esb-sequence-plugin/2.1.0/wso2-esb-sequence-plugin-2.1.0.pom
2019-05-13 19:09:22,542 [Worker-24] INFO  o.e.m.c.i.e.AbstractTransferListenerAdapter - Downloaded http://maven.wso2.org/nexus/content/groups/wso2-public/org/wso2/maven/wso2-esb-sequence-plugin/2.1.0/wso2-esb-sequence-plugin-2.1.0.pom
2019-05-13 19:09:22,820 [Worker-24] INFO  o.e.m.c.i.e.AbstractTransferListenerAdapter - Downloading http://maven.wso2.org/nexus/content/groups/wso2-public/org/wso2/maven/wso2-esb-sequence-plugin/2.1.0/wso2-esb-sequence-plugin-2.1.0.jar
2019-05-13 19:09:22,941 [Worker-24] INFO  o.e.m.c.i.e.AbstractTransferListenerAdapter - Downloaded http://maven.wso2.org/nexus/content/groups/wso2-public/org/wso2/maven/wso2-esb-sequence-plugin/2.1.0/wso2-esb-sequence-plugin-2.1.0.jar
2019-05-19 17:07:47,389 [Worker-4] INFO  c.g.t.t.d.PublishedGradleVersions - Gradle version information cache is out-of-date. Trying to update.
2019-05-19 17:08:27,522 [Worker-2] INFO  org.eclipse.jetty.util.log - Logging initialized @116715ms to org.eclipse.jetty.util.log.Slf4jLog
2019-05-19 17:08:28,600 [Worker-2] INFO  org.eclipse.jetty.server.Server - jetty-9.4.8.v20171121, build timestamp: 2017-11-22T02:57:37+05:30, git hash: 82b8fb23f757335bb3329d540ce37a2a2615f0a8
2019-05-19 17:08:28,652 [Worker-2] INFO  org.eclipse.jetty.server.session - DefaultSessionIdManager workerName=node0
2019-05-19 17:08:28,652 [Worker-2] INFO  org.eclipse.jetty.server.session - No SessionScavenger set, using defaults
2019-05-19 17:08:28,654 [Worker-2] INFO  org.eclipse.jetty.server.session - Scavenging every 600000ms
2019-05-19 17:08:28,669 [Worker-2] INFO  o.e.j.server.handler.ContextHandler - Started o.e.j.s.ServletContextHandler@2535d806{/welcome,file:///C:/WSO2/eclipse/configuration/org.eclipse.osgi/1178/0/.cp/TemplateDash/,AVAILABLE}
2019-05-19 17:08:28,670 [Worker-2] INFO  o.e.j.server.handler.ContextHandler - Started o.e.j.s.ServletContextHandler@22781f14{/servlet,null,AVAILABLE}
2019-05-19 17:08:28,720 [Worker-2] INFO  o.e.jetty.server.AbstractConnector - Started ServerConnector@6d6b6e7b{HTTP/1.1,[http/1.1]}{0.0.0.0:7774}
2019-05-19 17:08:28,721 [Worker-2] INFO  org.eclipse.jetty.server.Server - Started @117913ms
2019-05-19 17:41:33,854 [Worker-1] INFO  c.g.t.t.d.PublishedGradleVersions - Gradle version information cache is up-to-date. Trying to read.
2019-05-19 17:41:56,415 [Worker-10] INFO  org.eclipse.jetty.util.log - Logging initialized @120023ms to org.eclipse.jetty.util.log.Slf4jLog
2019-05-19 17:41:57,703 [Worker-10] INFO  org.eclipse.jetty.server.Server - jetty-9.4.8.v20171121, build timestamp: 2017-11-22T02:57:37+05:30, git hash: 82b8fb23f757335bb3329d540ce37a2a2615f0a8
2019-05-19 17:41:57,756 [Worker-10] INFO  org.eclipse.jetty.server.session - DefaultSessionIdManager workerName=node0
2019-05-19 17:41:57,756 [Worker-10] INFO  org.eclipse.jetty.server.session - No SessionScavenger set, using defaults
2019-05-19 17:41:57,759 [Worker-10] INFO  org.eclipse.jetty.server.session - Scavenging every 600000ms
2019-05-19 17:41:57,776 [Worker-10] INFO  o.e.j.server.handler.ContextHandler - Started o.e.j.s.ServletContextHandler@6369cbf0{/welcome,file:///C:/WSO2/eclipse/configuration/org.eclipse.osgi/1178/0/.cp/TemplateDash/,AVAILABLE}
2019-05-19 17:41:57,777 [Worker-10] INFO  o.e.j.server.handler.ContextHandler - Started o.e.j.s.ServletContextHandler@5511af94{/servlet,null,AVAILABLE}
2019-05-19 17:41:57,817 [Worker-10] INFO  o.e.jetty.server.AbstractConnector - Started ServerConnector@64909c04{HTTP/1.1,[http/1.1]}{0.0.0.0:7774}
2019-05-19 17:41:57,817 [Worker-10] INFO  org.eclipse.jetty.server.Server - Started @121425ms
